<?xml version="1.0" encoding="UTF-8"?>
<!-- Generated by org.testng.reporters.JUnitXMLReporter -->
<testsuite ignored="0" hostname="DESKTOP-V8HF4GQ" failures="0" tests="4" name="PetStoreTest" time="10.771" errors="0" timestamp="2024-08-26T13:54:11 IST">
  <testcase classname="Api.test.UserTests2" name="testPostUser" time="3.963"/>
  <testcase classname="Api.test.UserTests2" name="testGetUser" time="2.234"/>
  <testcase classname="Api.test.UserTests2" name="testUpdateUser" time="1.903"/>
  <testcase classname="Api.test.UserTests2" name="testDeleteUser" time="2.021"/>
</testsuite> <!-- PetStoreTest -->
