<?xml version="1.0" encoding="UTF-8"?>
<!-- Generated by org.testng.reporters.JUnitXMLReporter -->
<testsuite ignored="0" hostname="DESKTOP-V8HF4GQ" failures="0" tests="10" name="Surefire test" time="24.832" errors="0" timestamp="2024-08-26T14:53:30 IST">
  <testcase classname="Api.test.DDTests" name="testPostUser" time="4.133"/>
  <testcase classname="Api.test.DDTests" name="testPostUser" time="1.792"/>
  <testcase classname="Api.test.DDTests" name="testPostUser" time="1.841"/>
  <testcase classname="Api.test.DDTests" name="testDeleteUserByName" time="2.034"/>
  <testcase classname="Api.test.DDTests" name="testDeleteUserByName" time="2.149"/>
  <testcase classname="Api.test.DDTests" name="testDeleteUserByName" time="1.845"/>
  <testcase classname="Api.test.UserTests" name="testPostUser" time="1.609"/>
  <testcase classname="Api.test.UserTests" name="testGetUser" time="2.472"/>
  <testcase classname="Api.test.UserTests" name="testUpdateUser" time="2.494"/>
  <testcase classname="Api.test.UserTests" name="testDeleteUser" time="1.986"/>
</testsuite> <!-- Surefire test -->
