<?xml version="1.0" encoding="UTF-8"?>
<!-- Generated by org.testng.reporters.JUnitXMLReporter -->
<testsuite ignored="0" hostname="DESKTOP-V8HF4GQ" failures="0" tests="6" name="Default test" time="13.68" errors="0" timestamp="2024-08-22T14:00:33 IST">
  <testcase classname="Api.test.DDTests" name="testPostUser" time="3.602"/>
  <testcase classname="Api.test.DDTests" name="testPostUser" time="1.894"/>
  <testcase classname="Api.test.DDTests" name="testPostUser" time="1.762"/>
  <testcase classname="Api.test.DDTests" name="testDeleteUserByName" time="1.687"/>
  <testcase classname="Api.test.DDTests" name="testDeleteUserByName" time="1.531"/>
  <testcase classname="Api.test.DDTests" name="testDeleteUserByName" time="1.844"/>
</testsuite> <!-- Default test -->
