<?xml version="1.0" encoding="UTF-8"?>
<testng-results ignored="0" total="10" passed="10" failed="0" skipped="0">
  <reporter-output>
  </reporter-output>
  <suite started-at="2024-08-26T14:53:05 IST" name="Surefire suite" finished-at="2024-08-26T14:53:30 IST" duration-ms="24832">
    <groups>
    </groups>
    <test started-at="2024-08-26T14:53:05 IST" name="Surefire test" finished-at="2024-08-26T14:53:30 IST" duration-ms="24832">
      <class name="Api.test.DDTests">
        <test-method signature="testPostUser(java.lang.String,java.lang.String,java.lang.String,java.lang.String,java.lang.String,java.lang.String,java.lang.String)[pri:1, instance:Api.test.DDTests@33990a0c]" started-at="2024-08-26T14:53:07 IST" name="testPostUser" data-provider="Data" finished-at="2024-08-26T14:53:11 IST" duration-ms="4133" status="PASS">
          <params>
            <param index="0">
              <value>
                <![CDATA[1010]]>
              </value>
            </param>
            <param index="1">
              <value>
                <![CDATA[testuser1]]>
              </value>
            </param>
            <param index="2">
              <value>
                <![CDATA[pratik]]>
              </value>
            </param>
            <param index="3">
              <value>
                <![CDATA[p]]>
              </value>
            </param>
            <param index="4">
              <value>
                <![CDATA[a@gmail.com]]>
              </value>
            </param>
            <param index="5">
              <value>
                <![CDATA[6565954646]]>
              </value>
            </param>
            <param index="6">
              <value>
                <![CDATA[5454545454]]>
              </value>
            </param>
          </params>
          <reporter-output>
          </reporter-output>
        </test-method> <!-- testPostUser -->
        <test-method signature="testPostUser(java.lang.String,java.lang.String,java.lang.String,java.lang.String,java.lang.String,java.lang.String,java.lang.String)[pri:1, instance:Api.test.DDTests@33990a0c]" started-at="2024-08-26T14:53:11 IST" name="testPostUser" data-provider="Data" finished-at="2024-08-26T14:53:13 IST" duration-ms="1792" status="PASS">
          <params>
            <param index="0">
              <value>
                <![CDATA[1020]]>
              </value>
            </param>
            <param index="1">
              <value>
                <![CDATA[testuser2]]>
              </value>
            </param>
            <param index="2">
              <value>
                <![CDATA[madhu]]>
              </value>
            </param>
            <param index="3">
              <value>
                <![CDATA[p]]>
              </value>
            </param>
            <param index="4">
              <value>
                <![CDATA[b@gmail.com]]>
              </value>
            </param>
            <param index="5">
              <value>
                <![CDATA[645458878]]>
              </value>
            </param>
            <param index="6">
              <value>
                <![CDATA[5971234]]>
              </value>
            </param>
          </params>
          <reporter-output>
          </reporter-output>
        </test-method> <!-- testPostUser -->
        <test-method signature="testPostUser(java.lang.String,java.lang.String,java.lang.String,java.lang.String,java.lang.String,java.lang.String,java.lang.String)[pri:1, instance:Api.test.DDTests@33990a0c]" started-at="2024-08-26T14:53:13 IST" name="testPostUser" data-provider="Data" finished-at="2024-08-26T14:53:15 IST" duration-ms="1841" status="PASS">
          <params>
            <param index="0">
              <value>
                <![CDATA[1030]]>
              </value>
            </param>
            <param index="1">
              <value>
                <![CDATA[testuser3]]>
              </value>
            </param>
            <param index="2">
              <value>
                <![CDATA[pmad]]>
              </value>
            </param>
            <param index="3">
              <value>
                <![CDATA[p]]>
              </value>
            </param>
            <param index="4">
              <value>
                <![CDATA[c@gmail.com]]>
              </value>
            </param>
            <param index="5">
              <value>
                <![CDATA[9874625335]]>
              </value>
            </param>
            <param index="6">
              <value>
                <![CDATA[57896247]]>
              </value>
            </param>
          </params>
          <reporter-output>
          </reporter-output>
        </test-method> <!-- testPostUser -->
        <test-method signature="testDeleteUserByName(java.lang.String)[pri:2, instance:Api.test.DDTests@33990a0c]" started-at="2024-08-26T14:53:15 IST" name="testDeleteUserByName" data-provider="UserNames" finished-at="2024-08-26T14:53:17 IST" duration-ms="2034" status="PASS">
          <params>
            <param index="0">
              <value>
                <![CDATA[testuser1]]>
              </value>
            </param>
          </params>
          <reporter-output>
          </reporter-output>
        </test-method> <!-- testDeleteUserByName -->
        <test-method signature="testDeleteUserByName(java.lang.String)[pri:2, instance:Api.test.DDTests@33990a0c]" started-at="2024-08-26T14:53:17 IST" name="testDeleteUserByName" data-provider="UserNames" finished-at="2024-08-26T14:53:19 IST" duration-ms="2149" status="PASS">
          <params>
            <param index="0">
              <value>
                <![CDATA[testuser2]]>
              </value>
            </param>
          </params>
          <reporter-output>
          </reporter-output>
        </test-method> <!-- testDeleteUserByName -->
        <test-method signature="testDeleteUserByName(java.lang.String)[pri:2, instance:Api.test.DDTests@33990a0c]" started-at="2024-08-26T14:53:19 IST" name="testDeleteUserByName" data-provider="UserNames" finished-at="2024-08-26T14:53:21 IST" duration-ms="1845" status="PASS">
          <params>
            <param index="0">
              <value>
                <![CDATA[testuser3]]>
              </value>
            </param>
          </params>
          <reporter-output>
          </reporter-output>
        </test-method> <!-- testDeleteUserByName -->
      </class> <!-- Api.test.DDTests -->
      <class name="Api.test.UserTests">
        <test-method is-config="true" signature="setupData()[pri:0, instance:Api.test.UserTests@3d5c822d]" started-at="2024-08-26T14:53:21 IST" name="setupData" finished-at="2024-08-26T14:53:21 IST" duration-ms="386" status="PASS">
          <reporter-output>
          </reporter-output>
        </test-method> <!-- setupData -->
        <test-method signature="testPostUser()[pri:1, instance:Api.test.UserTests@3d5c822d]" started-at="2024-08-26T14:53:21 IST" name="testPostUser" finished-at="2024-08-26T14:53:23 IST" duration-ms="1609" status="PASS">
          <reporter-output>
          </reporter-output>
        </test-method> <!-- testPostUser -->
        <test-method is-config="true" signature="setupData()[pri:0, instance:Api.test.UserTests@3d5c822d]" started-at="2024-08-26T14:53:23 IST" name="setupData" finished-at="2024-08-26T14:53:23 IST" duration-ms="131" status="PASS">
          <reporter-output>
          </reporter-output>
        </test-method> <!-- setupData -->
        <test-method signature="testGetUser()[pri:2, instance:Api.test.UserTests@3d5c822d]" started-at="2024-08-26T14:53:23 IST" name="testGetUser" finished-at="2024-08-26T14:53:25 IST" duration-ms="2472" status="PASS">
          <reporter-output>
          </reporter-output>
        </test-method> <!-- testGetUser -->
        <test-method is-config="true" signature="setupData()[pri:0, instance:Api.test.UserTests@3d5c822d]" started-at="2024-08-26T14:53:25 IST" name="setupData" finished-at="2024-08-26T14:53:26 IST" duration-ms="63" status="PASS">
          <reporter-output>
          </reporter-output>
        </test-method> <!-- setupData -->
        <test-method signature="testUpdateUser()[pri:3, instance:Api.test.UserTests@3d5c822d]" started-at="2024-08-26T14:53:26 IST" name="testUpdateUser" finished-at="2024-08-26T14:53:28 IST" duration-ms="2494" status="PASS">
          <reporter-output>
          </reporter-output>
        </test-method> <!-- testUpdateUser -->
        <test-method is-config="true" signature="setupData()[pri:0, instance:Api.test.UserTests@3d5c822d]" started-at="2024-08-26T14:53:28 IST" name="setupData" finished-at="2024-08-26T14:53:28 IST" duration-ms="63" status="PASS">
          <reporter-output>
          </reporter-output>
        </test-method> <!-- setupData -->
        <test-method signature="testDeleteUser()[pri:4, instance:Api.test.UserTests@3d5c822d]" started-at="2024-08-26T14:53:28 IST" name="testDeleteUser" finished-at="2024-08-26T14:53:30 IST" duration-ms="1986" status="PASS">
          <reporter-output>
          </reporter-output>
        </test-method> <!-- testDeleteUser -->
      </class> <!-- Api.test.UserTests -->
    </test> <!-- Surefire test -->
  </suite> <!-- Surefire suite -->
</testng-results>
