<?xml version="1.0" encoding="UTF-8"?>
<testng-results ignored="0" total="4" passed="4" failed="0" skipped="0">
  <reporter-output>
  </reporter-output>
  <suite started-at="2024-08-26T13:54:00 IST" name="PetStore" finished-at="2024-08-26T13:54:11 IST" duration-ms="10771">
    <groups>
    </groups>
    <test started-at="2024-08-26T13:54:00 IST" name="PetStoreTest" finished-at="2024-08-26T13:54:11 IST" duration-ms="10771">
      <class name="Api.test.UserTests2">
        <test-method is-config="true" signature="setupData()[pri:0, instance:Api.test.UserTests2@3c77d488]" started-at="2024-08-26T13:54:01 IST" name="setupData" finished-at="2024-08-26T13:54:01 IST" duration-ms="191" status="PASS">
          <reporter-output>
          </reporter-output>
        </test-method> <!-- setupData -->
        <test-method signature="testPostUser()[pri:1, instance:Api.test.UserTests2@3c77d488]" started-at="2024-08-26T13:54:01 IST" name="testPostUser" finished-at="2024-08-26T13:54:05 IST" duration-ms="3963" status="PASS">
          <reporter-output>
          </reporter-output>
        </test-method> <!-- testPostUser -->
        <test-method is-config="true" signature="setupData()[pri:0, instance:Api.test.UserTests2@3c77d488]" started-at="2024-08-26T13:54:05 IST" name="setupData" finished-at="2024-08-26T13:54:05 IST" duration-ms="43" status="PASS">
          <reporter-output>
          </reporter-output>
        </test-method> <!-- setupData -->
        <test-method signature="testGetUser()[pri:2, instance:Api.test.UserTests2@3c77d488]" started-at="2024-08-26T13:54:05 IST" name="testGetUser" finished-at="2024-08-26T13:54:07 IST" duration-ms="2234" status="PASS">
          <reporter-output>
          </reporter-output>
        </test-method> <!-- testGetUser -->
        <test-method is-config="true" signature="setupData()[pri:0, instance:Api.test.UserTests2@3c77d488]" started-at="2024-08-26T13:54:07 IST" name="setupData" finished-at="2024-08-26T13:54:07 IST" duration-ms="37" status="PASS">
          <reporter-output>
          </reporter-output>
        </test-method> <!-- setupData -->
        <test-method signature="testUpdateUser()[pri:3, instance:Api.test.UserTests2@3c77d488]" started-at="2024-08-26T13:54:07 IST" name="testUpdateUser" finished-at="2024-08-26T13:54:09 IST" duration-ms="1903" status="PASS">
          <reporter-output>
          </reporter-output>
        </test-method> <!-- testUpdateUser -->
        <test-method is-config="true" signature="setupData()[pri:0, instance:Api.test.UserTests2@3c77d488]" started-at="2024-08-26T13:54:09 IST" name="setupData" finished-at="2024-08-26T13:54:09 IST" duration-ms="23" status="PASS">
          <reporter-output>
          </reporter-output>
        </test-method> <!-- setupData -->
        <test-method signature="testDeleteUser()[pri:4, instance:Api.test.UserTests2@3c77d488]" started-at="2024-08-26T13:54:09 IST" name="testDeleteUser" finished-at="2024-08-26T13:54:11 IST" duration-ms="2021" status="PASS">
          <reporter-output>
          </reporter-output>
        </test-method> <!-- testDeleteUser -->
      </class> <!-- Api.test.UserTests2 -->
    </test> <!-- PetStoreTest -->
  </suite> <!-- PetStore -->
</testng-results>
